<?xml version="1.0" encoding="UTF-8"?>
<testng-results ignored="0" total="1" passed="1" failed="0" skipped="0">
  <reporter-output>
  </reporter-output>
  <suite started-at="2023-06-26T11:08:06 IST" name="Default suite" finished-at="2023-06-26T11:08:09 IST" duration-ms="2505">
    <groups>
    </groups>
    <test started-at="2023-06-26T11:08:06 IST" name="Default test" finished-at="2023-06-26T11:08:09 IST" duration-ms="2505">
      <class name="practice.CreateOrgTest">
        <test-method signature="launchBrowser()[pri:0, instance:practice.CreateOrgTest@5e0826e7]" started-at="2023-06-26T11:08:06 IST" name="launchBrowser" finished-at="2023-06-26T11:08:09 IST" duration-ms="2480" status="PASS">
          <reporter-output>
          </reporter-output>
        </test-method> <!-- launchBrowser -->
      </class> <!-- practice.CreateOrgTest -->
    </test> <!-- Default test -->
  </suite> <!-- Default suite -->
</testng-results>
